Determining if the pthread_create exist failed with the following output:
Change Dir: /home/yoga/my_work/livox_forhorizon/build/CMakeFiles/CMakeTmp

Run Build Command:"/usr/bin/make" "cmTC_9fc56/fast"
/usr/bin/make -f CMakeFiles/cmTC_9fc56.dir/build.make CMakeFiles/cmTC_9fc56.dir/build
make[1]: 进入目录“/home/yoga/my_work/livox_forhorizon/build/CMakeFiles/CMakeTmp”
Building C object CMakeFiles/cmTC_9fc56.dir/CheckSymbolExists.c.o
/usr/bin/cc    -o CMakeFiles/cmTC_9fc56.dir/CheckSymbolExists.c.o   -c /home/yoga/my_work/livox_forhorizon/build/CMakeFiles/CMakeTmp/CheckSymbolExists.c
Linking C executable cmTC_9fc56
/usr/bin/cmake -E cmake_link_script CMakeFiles/cmTC_9fc56.dir/link.txt --verbose=1
/usr/bin/cc      -rdynamic CMakeFiles/cmTC_9fc56.dir/CheckSymbolExists.c.o  -o cmTC_9fc56 
CMakeFiles/cmTC_9fc56.dir/CheckSymbolExists.c.o：在函数‘main’中：
CheckSymbolExists.c:(.text+0x1b)：对‘pthread_create’未定义的引用
collect2: error: ld returned 1 exit status
CMakeFiles/cmTC_9fc56.dir/build.make:97: recipe for target 'cmTC_9fc56' failed
make[1]: *** [cmTC_9fc56] Error 1
make[1]: 离开目录“/home/yoga/my_work/livox_forhorizon/build/CMakeFiles/CMakeTmp”
Makefile:126: recipe for target 'cmTC_9fc56/fast' failed
make: *** [cmTC_9fc56/fast] Error 2

File /home/yoga/my_work/livox_forhorizon/build/CMakeFiles/CMakeTmp/CheckSymbolExists.c:
/* */
#include <pthread.h>

int main(int argc, char** argv)
{
  (void)argv;
#ifndef pthread_create
  return ((int*)(&pthread_create))[argc];
#else
  (void)argc;
  return 0;
#endif
}

Determining if the function pthread_create exists in the pthreads failed with the following output:
Change Dir: /home/yoga/my_work/livox_forhorizon/build/CMakeFiles/CMakeTmp

Run Build Command:"/usr/bin/make" "cmTC_d264d/fast"
/usr/bin/make -f CMakeFiles/cmTC_d264d.dir/build.make CMakeFiles/cmTC_d264d.dir/build
make[1]: 进入目录“/home/yoga/my_work/livox_forhorizon/build/CMakeFiles/CMakeTmp”
Building C object CMakeFiles/cmTC_d264d.dir/CheckFunctionExists.c.o
/usr/bin/cc   -DCHECK_FUNCTION_EXISTS=pthread_create   -o CMakeFiles/cmTC_d264d.dir/CheckFunctionExists.c.o   -c /usr/share/cmake-3.10/Modules/CheckFunctionExists.c
Linking C executable cmTC_d264d
/usr/bin/cmake -E cmake_link_script CMakeFiles/cmTC_d264d.dir/link.txt --verbose=1
/usr/bin/cc  -DCHECK_FUNCTION_EXISTS=pthread_create    -rdynamic CMakeFiles/cmTC_d264d.dir/CheckFunctionExists.c.o  -o cmTC_d264d -lpthreads 
/usr/bin/ld: 找不到 -lpthreads
collect2: error: ld returned 1 exit status
CMakeFiles/cmTC_d264d.dir/build.make:97: recipe for target 'cmTC_d264d' failed
make[1]: *** [cmTC_d264d] Error 1
make[1]: 离开目录“/home/yoga/my_work/livox_forhorizon/build/CMakeFiles/CMakeTmp”
Makefile:126: recipe for target 'cmTC_d264d/fast' failed
make: *** [cmTC_d264d/fast] Error 2


